{"/Users/cvoss/codes/express-decs/src/Action.ts": {"path":"/Users/cvoss/codes/express-decs/src/Action.ts","statementMap":{"0":{"start":{"line":1,"column":0},"end":{"line":1,"column":26}},"1":{"start":{"line":3,"column":0},"end":{"line":3,"column":null}},"2":{"start":{"line":4,"column":2},"end":{"line":4,"column":null}},"3":{"start":{"line":5,"column":2},"end":{"line":5,"column":null}},"4":{"start":{"line":6,"column":2},"end":{"line":6,"column":null}},"5":{"start":{"line":7,"column":2},"end":{"line":7,"column":null}},"6":{"start":{"line":16,"column":2},"end":{"line":27,"column":4}},"7":{"start":{"line":17,"column":24},"end":{"line":17,"column":62}},"8":{"start":{"line":19,"column":21},"end":{"line":21,"column":null}},"9":{"start":{"line":24,"column":4},"end":{"line":24,"column":53}},"10":{"start":{"line":26,"column":4},"end":{"line":26,"column":22}},"11":{"start":{"line":31,"column":2},"end":{"line":31,"column":48}},"12":{"start":{"line":30,"column":0},"end":{"line":30,"column":16}},"13":{"start":{"line":35,"column":2},"end":{"line":35,"column":49}},"14":{"start":{"line":34,"column":0},"end":{"line":34,"column":16}},"15":{"start":{"line":39,"column":2},"end":{"line":39,"column":48}},"16":{"start":{"line":38,"column":0},"end":{"line":38,"column":16}},"17":{"start":{"line":43,"column":2},"end":{"line":43,"column":51}},"18":{"start":{"line":42,"column":0},"end":{"line":42,"column":16}}},"fnMap":{"0":{"name":"(anonymous_0)","decl":{"start":{"line":3,"column":0},"end":{"line":3,"column":5}},"loc":{"start":{"line":3,"column":19},"end":{"line":8,"column":1}}},"1":{"name":"createAction","decl":{"start":{"line":15,"column":9},"end":{"line":15,"column":21}},"loc":{"start":{"line":15,"column":66},"end":{"line":28,"column":1}}},"2":{"name":"(anonymous_2)","decl":{"start":{"line":16,"column":9},"end":{"line":16,"column":10}},"loc":{"start":{"line":16,"column":70},"end":{"line":27,"column":3}}},"3":{"name":"Get","decl":{"start":{"line":30,"column":16},"end":{"line":30,"column":19}},"loc":{"start":{"line":30,"column":33},"end":{"line":32,"column":1}}},"4":{"name":"Post","decl":{"start":{"line":34,"column":16},"end":{"line":34,"column":20}},"loc":{"start":{"line":34,"column":34},"end":{"line":36,"column":1}}},"5":{"name":"Put","decl":{"start":{"line":38,"column":16},"end":{"line":38,"column":19}},"loc":{"start":{"line":38,"column":33},"end":{"line":40,"column":1}}},"6":{"name":"Delete","decl":{"start":{"line":42,"column":16},"end":{"line":42,"column":22}},"loc":{"start":{"line":42,"column":36},"end":{"line":44,"column":1}}}},"branchMap":{"0":{"loc":{"start":{"line":3,"column":5},"end":{"line":3,"column":19}},"type":"binary-expr","locations":[{"start":{"line":3,"column":5},"end":{"line":3,"column":19}},{"start":{"line":3,"column":5},"end":{"line":3,"column":null}}]},"1":{"loc":{"start":{"line":15,"column":63},"end":{"line":15,"column":66}},"type":"default-arg","locations":[{"start":{"line":15,"column":63},"end":{"line":15,"column":66}}]},"2":{"loc":{"start":{"line":17,"column":24},"end":{"line":17,"column":56}},"type":"binary-expr","locations":[{"start":{"line":17,"column":24},"end":{"line":17,"column":56}},{"start":{"line":17,"column":60},"end":{"line":17,"column":62}}]}},"s":{"0":1,"1":1,"2":1,"3":1,"4":1,"5":1,"6":4,"7":4,"8":4,"9":4,"10":4,"11":1,"12":1,"13":1,"14":1,"15":1,"16":1,"17":1,"18":1},"f":{"0":1,"1":4,"2":4,"3":1,"4":1,"5":1,"6":1},"b":{"0":[1,1],"1":[0],"2":[4,4]}}
,"/Users/cvoss/codes/express-decs/src/Logger.ts": {"path":"/Users/cvoss/codes/express-decs/src/Logger.ts","statementMap":{"0":{"start":{"line":1,"column":0},"end":{"line":1,"column":29}},"1":{"start":{"line":3,"column":14},"end":{"line":14,"column":1}},"2":{"start":{"line":4,"column":2},"end":{"line":13,"column":null}},"3":{"start":{"line":6,"column":6},"end":{"line":6,"column":21}},"4":{"start":{"line":9,"column":6},"end":{"line":9,"column":21}},"5":{"start":{"line":12,"column":6},"end":{"line":12,"column":20}},"6":{"start":{"line":16,"column":13},"end":{"line":19,"column":3}},"7":{"start":{"line":23,"column":13},"end":{"line":23,"column":65}},"8":{"start":{"line":23,"column":46},"end":{"line":23,"column":64}}},"fnMap":{"0":{"name":"(anonymous_0)","decl":{"start":{"line":3,"column":14},"end":{"line":3,"column":15}},"loc":{"start":{"line":3,"column":30},"end":{"line":14,"column":1}}},"1":{"name":"(anonymous_1)","decl":{"start":{"line":23,"column":22},"end":{"line":23,"column":23}},"loc":{"start":{"line":23,"column":46},"end":{"line":23,"column":64}}}},"branchMap":{"0":{"loc":{"start":{"line":5,"column":4},"end":{"line":6,"column":21}},"type":"switch","locations":[{"start":{"line":5,"column":4},"end":{"line":6,"column":21}},{"start":{"line":8,"column":4},"end":{"line":9,"column":21}},{"start":{"line":11,"column":4},"end":{"line":12,"column":20}}]}},"s":{"0":1,"1":1,"2":1,"3":1,"4":0,"5":0,"6":1,"7":1,"8":1},"f":{"0":1,"1":1},"b":{"0":[1,0,0]}}
,"/Users/cvoss/codes/express-decs/src/Route.ts": {"path":"/Users/cvoss/codes/express-decs/src/Route.ts","statementMap":{"0":{"start":{"line":3,"column":0},"end":{"line":3,"column":26}},"1":{"start":{"line":8,"column":2},"end":{"line":11,"column":4}},"2":{"start":{"line":9,"column":21},"end":{"line":9,"column":31}},"3":{"start":{"line":10,"column":4},"end":{"line":10,"column":67}},"4":{"start":{"line":7,"column":0},"end":{"line":7,"column":16}}},"fnMap":{"0":{"name":"Route","decl":{"start":{"line":7,"column":16},"end":{"line":7,"column":21}},"loc":{"start":{"line":7,"column":34},"end":{"line":12,"column":1}}},"1":{"name":"(anonymous_1)","decl":{"start":{"line":8,"column":9},"end":{"line":8,"column":39}},"loc":{"start":{"line":8,"column":48},"end":{"line":11,"column":3}}}},"branchMap":{},"s":{"0":1,"1":4,"2":4,"3":4,"4":1},"f":{"0":4,"1":4},"b":{}}
,"/Users/cvoss/codes/express-decs/src/Server.ts": {"path":"/Users/cvoss/codes/express-decs/src/Server.ts","statementMap":{"0":{"start":{"line":1,"column":0},"end":{"line":1,"column":35}},"1":{"start":{"line":2,"column":0},"end":{"line":2,"column":33}},"2":{"start":{"line":3,"column":0},"end":{"line":3,"column":34}},"3":{"start":{"line":4,"column":0},"end":{"line":4,"column":26}},"4":{"start":{"line":11,"column":13},"end":{"line":11,"column":40}},"5":{"start":{"line":19,"column":21},"end":{"line":19,"column":33}},"6":{"start":{"line":20,"column":4},"end":{"line":20,"column":25}},"7":{"start":{"line":21,"column":4},"end":{"line":21,"column":58}},"8":{"start":{"line":23,"column":4},"end":{"line":23,"column":24}},"9":{"start":{"line":31,"column":19},"end":{"line":31,"column":33}},"10":{"start":{"line":33,"column":4},"end":{"line":35,"column":null}},"11":{"start":{"line":34,"column":6},"end":{"line":34,"column":36}},"12":{"start":{"line":37,"column":4},"end":{"line":37,"column":18}},"13":{"start":{"line":41,"column":4},"end":{"line":41,"column":33}},"14":{"start":{"line":42,"column":4},"end":{"line":42,"column":27}},"15":{"start":{"line":46,"column":4},"end":{"line":48,"column":7}},"16":{"start":{"line":47,"column":6},"end":{"line":47,"column":76}},"17":{"start":{"line":52,"column":18},"end":{"line":52,"column":33}},"18":{"start":{"line":53,"column":19},"end":{"line":53,"column":35}},"19":{"start":{"line":54,"column":27},"end":{"line":54,"column":55}},"20":{"start":{"line":55,"column":22},"end":{"line":55,"column":69}},"21":{"start":{"line":57,"column":25},"end":{"line":57,"column":67}},"22":{"start":{"line":59,"column":4},"end":{"line":120,"column":null}},"23":{"start":{"line":60,"column":45},"end":{"line":62,"column":null}},"24":{"start":{"line":65,"column":6},"end":{"line":65,"column":35}},"25":{"start":{"line":65,"column":26},"end":{"line":65,"column":35}},"26":{"start":{"line":67,"column":40},"end":{"line":67,"column":53}},"27":{"start":{"line":69,"column":27},"end":{"line":72,"column":8}},"28":{"start":{"line":74,"column":27},"end":{"line":74,"column":null}},"29":{"start":{"line":78,"column":23},"end":{"line":78,"column":42}},"30":{"start":{"line":80,"column":22},"end":{"line":108,"column":8}},"31":{"start":{"line":80,"column":76},"end":{"line":108,"column":8}},"32":{"start":{"line":81,"column":34},"end":{"line":104,"column":9}},"33":{"start":{"line":86,"column":10},"end":{"line":95,"column":null}},"34":{"start":{"line":87,"column":32},"end":{"line":90,"column":14}},"35":{"start":{"line":92,"column":12},"end":{"line":92,"column":58}},"36":{"start":{"line":94,"column":12},"end":{"line":94,"column":19}},"37":{"start":{"line":97,"column":27},"end":{"line":99,"column":12}},"38":{"start":{"line":101,"column":10},"end":{"line":101,"column":42}},"39":{"start":{"line":103,"column":10},"end":{"line":103,"column":38}},"40":{"start":{"line":107,"column":8},"end":{"line":107,"column":42}},"41":{"start":{"line":110,"column":6},"end":{"line":110,"column":60}},"42":{"start":{"line":112,"column":6},"end":{"line":119,"column":8}},"43":{"start":{"line":122,"column":4},"end":{"line":122,"column":36}},"44":{"start":{"line":123,"column":4},"end":{"line":123,"column":56}},"45":{"start":{"line":127,"column":4},"end":{"line":129,"column":null}},"46":{"start":{"line":128,"column":6},"end":{"line":128,"column":36}},"47":{"start":{"line":13,"column":0},"end":{"line":13,"column":22}}},"fnMap":{"0":{"name":"(anonymous_6)","decl":{"start":{"line":11,"column":28},"end":{"line":11,"column":34}},"loc":{"start":{"line":11,"column":36},"end":{"line":11,"column":39}}},"1":{"name":"(anonymous_7)","decl":{"start":{"line":19,"column":2},"end":{"line":19,"column":21}},"loc":{"start":{"line":19,"column":33},"end":{"line":24,"column":3}}},"2":{"name":"(anonymous_8)","decl":{"start":{"line":26,"column":2},"end":{"line":26,"column":8}},"loc":{"start":{"line":29,"column":35},"end":{"line":38,"column":3}}},"3":{"name":"(anonymous_9)","decl":{"start":{"line":40,"column":10},"end":{"line":40,"column":22}},"loc":{"start":{"line":40,"column":22},"end":{"line":43,"column":3}}},"4":{"name":"(anonymous_10)","decl":{"start":{"line":45,"column":9},"end":{"line":45,"column":14}},"loc":{"start":{"line":45,"column":14},"end":{"line":49,"column":3}}},"5":{"name":"(anonymous_11)","decl":{"start":{"line":46,"column":31},"end":{"line":46,"column":34}},"loc":{"start":{"line":46,"column":36},"end":{"line":48,"column":5}}},"6":{"name":"(anonymous_12)","decl":{"start":{"line":51,"column":9},"end":{"line":51,"column":22}},"loc":{"start":{"line":51,"column":55},"end":{"line":124,"column":3}}},"7":{"name":"(anonymous_13)","decl":{"start":{"line":80,"column":22},"end":{"line":80,"column":29}},"loc":{"start":{"line":80,"column":76},"end":{"line":108,"column":8}}},"8":{"name":"(anonymous_14)","decl":{"start":{"line":80,"column":76},"end":{"line":80,"column":null}},"loc":{"start":{"line":80,"column":76},"end":{"line":108,"column":7}}},"9":{"name":"(anonymous_15)","decl":{"start":{"line":81,"column":34},"end":{"line":81,"column":null}},"loc":{"start":{"line":85,"column":12},"end":{"line":104,"column":9}}},"10":{"name":"(anonymous_16)","decl":{"start":{"line":126,"column":9},"end":{"line":126,"column":23}},"loc":{"start":{"line":126,"column":59},"end":{"line":130,"column":3}}}},"branchMap":{"0":{"loc":{"start":{"line":21,"column":33},"end":{"line":21,"column":42}},"type":"binary-expr","locations":[{"start":{"line":21,"column":33},"end":{"line":21,"column":42}},{"start":{"line":21,"column":46},"end":{"line":21,"column":54}}]},"1":{"loc":{"start":{"line":33,"column":4},"end":{"line":35,"column":null}},"type":"if","locations":[{"start":{"line":33,"column":4},"end":{"line":35,"column":null}},{"start":{"line":33,"column":4},"end":{"line":35,"column":null}}]},"2":{"loc":{"start":{"line":65,"column":6},"end":{"line":65,"column":35}},"type":"if","locations":[{"start":{"line":65,"column":6},"end":{"line":65,"column":35}},{"start":{"line":65,"column":6},"end":{"line":65,"column":35}}]},"3":{"loc":{"start":{"line":67,"column":33},"end":{"line":67,"column":35}},"type":"default-arg","locations":[{"start":{"line":67,"column":33},"end":{"line":67,"column":35}}]},"4":{"loc":{"start":{"line":83,"column":25},"end":{"line":83,"column":29}},"type":"default-arg","locations":[{"start":{"line":83,"column":25},"end":{"line":83,"column":29}}]},"5":{"loc":{"start":{"line":84,"column":25},"end":{"line":84,"column":28}},"type":"default-arg","locations":[{"start":{"line":84,"column":25},"end":{"line":84,"column":28}}]},"6":{"loc":{"start":{"line":86,"column":10},"end":{"line":95,"column":null}},"type":"if","locations":[{"start":{"line":86,"column":10},"end":{"line":95,"column":null}},{"start":{"line":86,"column":10},"end":{"line":95,"column":null}}]}},"s":{"0":1,"1":1,"2":1,"3":1,"4":1,"5":1,"6":1,"7":1,"8":1,"9":1,"10":1,"11":1,"12":1,"13":1,"14":1,"15":0,"16":0,"17":1,"18":1,"19":1,"20":1,"21":1,"22":1,"23":2,"24":2,"25":1,"26":1,"27":1,"28":1,"29":1,"30":1,"31":1,"32":1,"33":1,"34":0,"35":0,"36":0,"37":1,"38":1,"39":1,"40":1,"41":1,"42":1,"43":1,"44":1,"45":1,"46":1,"47":1},"f":{"0":0,"1":1,"2":1,"3":1,"4":0,"5":0,"6":1,"7":1,"8":1,"9":1,"10":1},"b":{"0":[1,1],"1":[1,0],"2":[1,1],"3":[1],"4":[1],"5":[1],"6":[0,1]}}
,"/Users/cvoss/codes/express-decs/src/index.ts": {"path":"/Users/cvoss/codes/express-decs/src/index.ts","statementMap":{"0":{"start":{"line":1,"column":0},"end":{"line":1,"column":25}},"1":{"start":{"line":2,"column":0},"end":{"line":2,"column":24}},"2":{"start":{"line":3,"column":0},"end":{"line":3,"column":25}}},"fnMap":{},"branchMap":{},"s":{"0":1,"1":1,"2":1},"f":{},"b":{}}
}
