TN:
SF:/Users/cvoss/codes/express-decs/src/Action.ts
FN:3,(anonymous_0)
FN:15,createAction
FN:16,(anonymous_2)
FN:30,Get
FN:34,Post
FN:38,Put
FN:42,Delete
FNF:7
FNH:7
FNDA:1,(anonymous_0)
FNDA:4,createAction
FNDA:4,(anonymous_2)
FNDA:1,Get
FNDA:1,Post
FNDA:1,Put
FNDA:1,Delete
DA:1,1
DA:3,1
DA:4,1
DA:5,1
DA:6,1
DA:7,1
DA:16,4
DA:17,4
DA:19,4
DA:24,4
DA:26,4
DA:30,1
DA:31,1
DA:34,1
DA:35,1
DA:38,1
DA:39,1
DA:42,1
DA:43,1
LF:19
LH:19
BRDA:3,0,0,1
BRDA:3,0,1,1
BRDA:15,1,0,0
BRDA:17,2,0,4
BRDA:17,2,1,4
BRF:5
BRH:4
end_of_record
TN:
SF:/Users/cvoss/codes/express-decs/src/Logger.ts
FN:3,(anonymous_0)
FN:23,(anonymous_1)
FNF:2
FNH:2
FNDA:1,(anonymous_0)
FNDA:1,(anonymous_1)
DA:1,1
DA:3,1
DA:4,1
DA:6,1
DA:9,0
DA:12,0
DA:16,1
DA:23,1
LF:8
LH:6
BRDA:5,0,0,1
BRDA:5,0,1,0
BRDA:5,0,2,0
BRF:3
BRH:1
end_of_record
TN:
SF:/Users/cvoss/codes/express-decs/src/Route.ts
FN:7,Route
FN:8,(anonymous_1)
FNF:2
FNH:2
FNDA:4,Route
FNDA:4,(anonymous_1)
DA:3,1
DA:7,1
DA:8,4
DA:9,4
DA:10,4
LF:5
LH:5
BRF:0
BRH:0
end_of_record
TN:
SF:/Users/cvoss/codes/express-decs/src/Server.ts
FN:11,(anonymous_6)
FN:19,(anonymous_7)
FN:26,(anonymous_8)
FN:40,(anonymous_9)
FN:45,(anonymous_10)
FN:46,(anonymous_11)
FN:51,(anonymous_12)
FN:80,(anonymous_13)
FN:80,(anonymous_14)
FN:81,(anonymous_15)
FN:126,(anonymous_16)
FNF:11
FNH:8
FNDA:0,(anonymous_6)
FNDA:1,(anonymous_7)
FNDA:1,(anonymous_8)
FNDA:1,(anonymous_9)
FNDA:0,(anonymous_10)
FNDA:0,(anonymous_11)
FNDA:1,(anonymous_12)
FNDA:1,(anonymous_13)
FNDA:1,(anonymous_14)
FNDA:1,(anonymous_15)
FNDA:1,(anonymous_16)
DA:1,1
DA:2,1
DA:3,1
DA:4,1
DA:11,1
DA:13,1
DA:19,1
DA:20,1
DA:21,1
DA:23,1
DA:31,1
DA:33,1
DA:34,1
DA:37,1
DA:41,1
DA:42,1
DA:46,0
DA:47,0
DA:52,1
DA:53,1
DA:54,1
DA:55,1
DA:57,1
DA:59,1
DA:60,2
DA:65,2
DA:67,1
DA:69,1
DA:74,1
DA:78,1
DA:80,1
DA:81,1
DA:86,1
DA:87,0
DA:92,0
DA:94,0
DA:97,1
DA:101,1
DA:103,1
DA:107,1
DA:110,1
DA:112,1
DA:122,1
DA:123,1
DA:127,1
DA:128,1
LF:46
LH:41
BRDA:21,0,0,1
BRDA:21,0,1,1
BRDA:33,1,0,1
BRDA:33,1,1,0
BRDA:65,2,0,1
BRDA:65,2,1,1
BRDA:67,3,0,1
BRDA:83,4,0,1
BRDA:84,5,0,1
BRDA:86,6,0,0
BRDA:86,6,1,1
BRF:11
BRH:9
end_of_record
TN:
SF:/Users/cvoss/codes/express-decs/src/index.ts
FNF:0
FNH:0
DA:1,1
DA:2,1
DA:3,1
LF:3
LH:3
BRF:0
BRH:0
end_of_record
